c:\users\ultra\onedrive\desktop\projeto prog scrabble\projetoprogscrabble\scrabblejunior\debug\vc141.pdb
c:\users\ultra\onedrive\desktop\projeto prog scrabble\projetoprogscrabble\scrabblejunior\debug\vc141.idb
c:\users\ultra\onedrive\desktop\projeto prog scrabble\projetoprogscrabble\scrabblejunior\debug\scrabblejunior.obj
c:\users\ultra\onedrive\desktop\projeto prog scrabble\projetoprogscrabble\scrabblejunior\debug\word.obj
c:\users\ultra\onedrive\desktop\projeto prog scrabble\projetoprogscrabble\scrabblejunior\debug\pool.obj
c:\users\ultra\onedrive\desktop\projeto prog scrabble\projetoprogscrabble\scrabblejunior\debug\player.obj
c:\users\ultra\onedrive\desktop\projeto prog scrabble\projetoprogscrabble\scrabblejunior\debug\letter.obj
c:\users\ultra\onedrive\desktop\projeto prog scrabble\projetoprogscrabble\scrabblejunior\debug\game.obj
c:\users\ultra\onedrive\desktop\projeto prog scrabble\projetoprogscrabble\scrabblejunior\debug\common.obj
c:\users\ultra\onedrive\desktop\projeto prog scrabble\projetoprogscrabble\scrabblejunior\debug\board.obj
c:\users\ultra\onedrive\desktop\projeto prog scrabble\projetoprogscrabble\scrabblejunior\debug\main.obj
c:\users\ultra\onedrive\desktop\projeto prog scrabble\projetoprogscrabble\debug\scrabblejunior.exe
c:\users\ultra\onedrive\desktop\projeto prog scrabble\projetoprogscrabble\debug\scrabblejunior.ilk
c:\users\ultra\onedrive\desktop\projeto prog scrabble\projetoprogscrabble\debug\scrabblejunior.pdb
c:\users\ultra\onedrive\desktop\projeto prog scrabble\projetoprogscrabble\scrabblejunior\debug\scrabblejunior.tlog\cl.command.1.tlog
c:\users\ultra\onedrive\desktop\projeto prog scrabble\projetoprogscrabble\scrabblejunior\debug\scrabblejunior.tlog\cl.read.1.tlog
c:\users\ultra\onedrive\desktop\projeto prog scrabble\projetoprogscrabble\scrabblejunior\debug\scrabblejunior.tlog\cl.write.1.tlog
c:\users\ultra\onedrive\desktop\projeto prog scrabble\projetoprogscrabble\scrabblejunior\debug\scrabblejunior.tlog\link.command.1.tlog
c:\users\ultra\onedrive\desktop\projeto prog scrabble\projetoprogscrabble\scrabblejunior\debug\scrabblejunior.tlog\link.read.1.tlog
c:\users\ultra\onedrive\desktop\projeto prog scrabble\projetoprogscrabble\scrabblejunior\debug\scrabblejunior.tlog\link.write.1.tlog
