c:\users\ultra\onedrive\desktop\projeto prog scrabble\projetoprogscrabble\projetoprogscrabble\debug\vc141.pdb
c:\users\ultra\onedrive\desktop\projeto prog scrabble\projetoprogscrabble\projetoprogscrabble\debug\vc141.idb
c:\users\ultra\onedrive\desktop\projeto prog scrabble\projetoprogscrabble\projetoprogscrabble\debug\word.obj
c:\users\ultra\onedrive\desktop\projeto prog scrabble\projetoprogscrabble\projetoprogscrabble\debug\projetoprogscrabble.obj
c:\users\ultra\onedrive\desktop\projeto prog scrabble\projetoprogscrabble\projetoprogscrabble\debug\letter.obj
c:\users\ultra\onedrive\desktop\projeto prog scrabble\projetoprogscrabble\projetoprogscrabble\debug\board.obj
c:\users\ultra\onedrive\desktop\projeto prog scrabble\projetoprogscrabble\projetoprogscrabble\debug\player.obj
c:\users\ultra\onedrive\desktop\projeto prog scrabble\projetoprogscrabble\projetoprogscrabble\debug\common.obj
c:\users\ultra\onedrive\desktop\projeto prog scrabble\projetoprogscrabble\projetoprogscrabble\debug\main.obj
c:\users\ultra\onedrive\desktop\projeto prog scrabble\projetoprogscrabble\projetoprogscrabble\debug\game.obj
c:\users\ultra\onedrive\desktop\projeto prog scrabble\projetoprogscrabble\projetoprogscrabble\debug\pool.obj
c:\users\ultra\onedrive\desktop\projeto prog scrabble\projetoprogscrabble\debug\projetoprogscrabble.exe
c:\users\ultra\onedrive\desktop\projeto prog scrabble\projetoprogscrabble\debug\projetoprogscrabble.ilk
c:\users\ultra\onedrive\desktop\projeto prog scrabble\projetoprogscrabble\debug\projetoprogscrabble.pdb
c:\users\ultra\onedrive\desktop\projeto prog scrabble\projetoprogscrabble\projetoprogscrabble\debug\game.obj.enc
c:\users\ultra\onedrive\desktop\projeto prog scrabble\projetoprogscrabble\projetoprogscrabble\debug\projetop.10160515.tlog\cl.command.1.tlog
c:\users\ultra\onedrive\desktop\projeto prog scrabble\projetoprogscrabble\projetoprogscrabble\debug\projetop.10160515.tlog\cl.read.1.tlog
c:\users\ultra\onedrive\desktop\projeto prog scrabble\projetoprogscrabble\projetoprogscrabble\debug\projetop.10160515.tlog\cl.write.1.tlog
c:\users\ultra\onedrive\desktop\projeto prog scrabble\projetoprogscrabble\projetoprogscrabble\debug\projetop.10160515.tlog\link.35244-cvtres.read.1.tlog
c:\users\ultra\onedrive\desktop\projeto prog scrabble\projetoprogscrabble\projetoprogscrabble\debug\projetop.10160515.tlog\link.35244-cvtres.write.1.tlog
c:\users\ultra\onedrive\desktop\projeto prog scrabble\projetoprogscrabble\projetoprogscrabble\debug\projetop.10160515.tlog\link.35244-rc.read.1.tlog
c:\users\ultra\onedrive\desktop\projeto prog scrabble\projetoprogscrabble\projetoprogscrabble\debug\projetop.10160515.tlog\link.35244-rc.write.1.tlog
c:\users\ultra\onedrive\desktop\projeto prog scrabble\projetoprogscrabble\projetoprogscrabble\debug\projetop.10160515.tlog\link.35244.read.1.tlog
c:\users\ultra\onedrive\desktop\projeto prog scrabble\projetoprogscrabble\projetoprogscrabble\debug\projetop.10160515.tlog\link.35244.write.1.tlog
c:\users\ultra\onedrive\desktop\projeto prog scrabble\projetoprogscrabble\projetoprogscrabble\debug\projetop.10160515.tlog\link.command.1.tlog
c:\users\ultra\onedrive\desktop\projeto prog scrabble\projetoprogscrabble\projetoprogscrabble\debug\projetop.10160515.tlog\link.read.1.tlog
c:\users\ultra\onedrive\desktop\projeto prog scrabble\projetoprogscrabble\projetoprogscrabble\debug\projetop.10160515.tlog\link.write.1.tlog
